[DEBUG-ENGINE] Starting evaluate_rules for 'global' with 7 rules
Running Lumina [Ctrl+C to stop]...
[DEBUG-ENGINE] Tick started at t=0
[DEBUG-ENGINE] Reached Global Pass Checkpoint
[DEBUG-ENGINE] Starting evaluate_rules for 'global' with 7 rules
[DEBUG-ENGINE] Tick started at t=0.917353
[DEBUG-ENGINE] Reached Global Pass Checkpoint
[DEBUG-ENGINE] Starting evaluate_rules for 'global' with 7 rules
[DEBUG-ENGINE] Tick started at t=377.943037
[DEBUG-ENGINE] Reached Global Pass Checkpoint
[DEBUG-ENGINE] Starting evaluate_rules for 'global' with 7 rules
[DEBUG-ENGINE] Tick started at t=940.141185
[DEBUG-ENGINE] Reached Global Pass Checkpoint
[DEBUG-ENGINE] Starting evaluate_rules for 'global' with 7 rules
[DEBUG-ENGINE] Tick started at t=1561.045661
[DEBUG-ENGINE] Reached Global Pass Checkpoint
[DEBUG-ENGINE] Starting evaluate_rules for 'global' with 7 rules
[DEBUG-ENGINE] Tick started at t=1884.5275550000001
[DEBUG-ENGINE] Reached Global Pass Checkpoint
[DEBUG-ENGINE] Starting evaluate_rules for 'global' with 7 rules
[DEBUG-ENGINE] Tick started at t=2495.359106
[DEBUG-ENGINE] Reached Global Pass Checkpoint
[DEBUG-ENGINE] Starting evaluate_rules for 'global' with 7 rules
[DEBUG-ENGINE] Tick started at t=3084.390113
[DEBUG-ENGINE] Reached Global Pass Checkpoint
[DEBUG-ENGINE] Starting evaluate_rules for 'global' with 7 rules
[DEBUG-ENGINE] Tick started at t=3695.820366
[DEBUG-ENGINE] Reached Global Pass Checkpoint
[DEBUG-ENGINE] Starting evaluate_rules for 'global' with 7 rules
[DEBUG-ENGINE] Tick started at t=4262.082767
[RECONCILE] Checking drift for resource: Service
[DEBUG-ENGINE] Reached Global Pass Checkpoint
[DEBUG-ENGINE] Starting evaluate_rules for 'global' with 7 rules
[36m[INFO] : Resource reconciled[0m
[36m[INFO] Fleet Sync: Timer callback for 'Fleet Sync'[0m
[DEBUG-ENGINE] Tick started at t=4866.713777
[DEBUG-ENGINE] Reached Global Pass Checkpoint
[DEBUG-ENGINE] Starting evaluate_rules for 'global' with 7 rules
[DEBUG-ENGINE] Tick started at t=5438.079042
[DEBUG-ENGINE] Reached Global Pass Checkpoint
[DEBUG-ENGINE] Starting evaluate_rules for 'global' with 7 rules
[DEBUG-ENGINE] Tick started at t=6033.87151
[DEBUG-ENGINE] Reached Global Pass Checkpoint
[DEBUG-ENGINE] Starting evaluate_rules for 'global' with 7 rules
[DEBUG-ENGINE] Tick started at t=6617.079057
[DEBUG-ENGINE] Reached Global Pass Checkpoint
[DEBUG-ENGINE] Starting evaluate_rules for 'global' with 7 rules
[DEBUG-ENGINE] Tick started at t=7194.957955999999
[DEBUG-ENGINE] Reached Global Pass Checkpoint
[DEBUG-ENGINE] Starting evaluate_rules for 'global' with 7 rules
[DEBUG-ENGINE] Tick started at t=7785.425753
[DEBUG-ENGINE] Reached Global Pass Checkpoint
[DEBUG-ENGINE] Starting evaluate_rules for 'global' with 7 rules
[DEBUG-ENGINE] Tick started at t=8318.682987
[DEBUG-ENGINE] Reached Global Pass Checkpoint
[DEBUG-ENGINE] Starting evaluate_rules for 'global' with 7 rules
[DEBUG-ENGINE] Tick started at t=8913.960802
[DEBUG-ENGINE] Reached Global Pass Checkpoint
[DEBUG-ENGINE] Starting evaluate_rules for 'global' with 7 rules
[DEBUG-ENGINE] Tick started at t=9481.565757
SENSOR: Traffic is rising... Current Load: 35%
[DEBUG-ENGINE] Reached Global Pass Checkpoint
[DEBUG-ENGINE] Starting evaluate_rules for 'global' with 7 rules
[36m[INFO] Traffic Simulator: Timer callback for 'Traffic Simulator'[0m
[DEBUG-ENGINE] Tick started at t=10094.155385
[RECONCILE] Checking drift for resource: Service
[DEBUG-ENGINE] Reached Global Pass Checkpoint
[DEBUG-ENGINE] Starting evaluate_rules for 'global' with 7 rules
[36m[INFO] : Resource reconciled[0m
[36m[INFO] Fleet Sync: Timer callback for 'Fleet Sync'[0m
[DEBUG-ENGINE] Tick started at t=10414.728266999999
[DEBUG-ENGINE] Reached Global Pass Checkpoint
[DEBUG-ENGINE] Starting evaluate_rules for 'global' with 7 rules
[DEBUG-ENGINE] Tick started at t=10994.181319
[DEBUG-ENGINE] Reached Global Pass Checkpoint
[DEBUG-ENGINE] Starting evaluate_rules for 'global' with 7 rules
[DEBUG-ENGINE] Tick started at t=11591.075323000001
[DEBUG-ENGINE] Reached Global Pass Checkpoint
[DEBUG-ENGINE] Starting evaluate_rules for 'global' with 7 rules
[DEBUG-ENGINE] Tick started at t=12200.452038
[DEBUG-ENGINE] Reached Global Pass Checkpoint
[DEBUG-ENGINE] Starting evaluate_rules for 'global' with 7 rules
[DEBUG-ENGINE] Tick started at t=12804.541353999999
[DEBUG-ENGINE] Reached Global Pass Checkpoint
[DEBUG-ENGINE] Starting evaluate_rules for 'global' with 7 rules
[DEBUG-ENGINE] Tick started at t=13387.112373
[DEBUG-ENGINE] Reached Global Pass Checkpoint
[DEBUG-ENGINE] Starting evaluate_rules for 'global' with 7 rules
[DEBUG-ENGINE] Tick started at t=13705.684270999998
[DEBUG-ENGINE] Reached Global Pass Checkpoint
[DEBUG-ENGINE] Starting evaluate_rules for 'global' with 7 rules
[DEBUG-ENGINE] Tick started at t=14287.921065999999
[DEBUG-ENGINE] Reached Global Pass Checkpoint
[DEBUG-ENGINE] Starting evaluate_rules for 'global' with 7 rules
[DEBUG-ENGINE] Tick started at t=14818.56489
[RECONCILE] Checking drift for resource: Service
[DEBUG-ENGINE] Reached Global Pass Checkpoint
[DEBUG-ENGINE] Starting evaluate_rules for 'global' with 7 rules
[36m[INFO] : Resource reconciled[0m
[36m[INFO] Fleet Sync: Timer callback for 'Fleet Sync'[0m
[DEBUG-ENGINE] Tick started at t=15397.008346999999
[DEBUG-ENGINE] Reached Global Pass Checkpoint
[DEBUG-ENGINE] Starting evaluate_rules for 'global' with 7 rules
[DEBUG-ENGINE] Tick started at t=16014.563047
[DEBUG-ENGINE] Reached Global Pass Checkpoint
[DEBUG-ENGINE] Starting evaluate_rules for 'global' with 7 rules
[DEBUG-ENGINE] Tick started at t=16594.728048
[DEBUG-ENGINE] Reached Global Pass Checkpoint
[DEBUG-ENGINE] Starting evaluate_rules for 'global' with 7 rules
[DEBUG-ENGINE] Tick started at t=17197.064867999998
[DEBUG-ENGINE] Reached Global Pass Checkpoint
[DEBUG-ENGINE] Starting evaluate_rules for 'global' with 7 rules
[DEBUG-ENGINE] Tick started at t=17785.939715
[DEBUG-ENGINE] Reached Global Pass Checkpoint
[DEBUG-ENGINE] Starting evaluate_rules for 'global' with 7 rules
[DEBUG-ENGINE] Tick started at t=18372.773514999997
[DEBUG-ENGINE] Reached Global Pass Checkpoint
[DEBUG-ENGINE] Starting evaluate_rules for 'global' with 7 rules
[DEBUG-ENGINE] Tick started at t=18955.614092
[DEBUG-ENGINE] Reached Global Pass Checkpoint
[DEBUG-ENGINE] Starting evaluate_rules for 'global' with 7 rules
[DEBUG-ENGINE] Tick started at t=19539.822071
SENSOR: Traffic is rising... Current Load: 60%
[DEBUG-ENGINE] Reached Global Pass Checkpoint
[DEBUG-ENGINE] Starting evaluate_rules for 'global' with 7 rules
[36m[INFO] Traffic Simulator: Timer callback for 'Traffic Simulator'[0m
[DEBUG-ENGINE] Tick started at t=20158.070654
[RECONCILE] Checking drift for resource: Service
[DEBUG-ENGINE] Reached Global Pass Checkpoint
[DEBUG-ENGINE] Starting evaluate_rules for 'global' with 7 rules
[36m[INFO] : Resource reconciled[0m
[36m[INFO] Fleet Sync: Timer callback for 'Fleet Sync'[0m
[DEBUG-ENGINE] Tick started at t=20746.036689
[DEBUG-ENGINE] Reached Global Pass Checkpoint
[DEBUG-ENGINE] Starting evaluate_rules for 'global' with 7 rules
[DEBUG-ENGINE] Tick started at t=21362.146381
[DEBUG-ENGINE] Reached Global Pass Checkpoint
[DEBUG-ENGINE] Starting evaluate_rules for 'global' with 7 rules
[DEBUG-ENGINE] Tick started at t=21945.406452
[DEBUG-ENGINE] Reached Global Pass Checkpoint
[DEBUG-ENGINE] Starting evaluate_rules for 'global' with 7 rules
[DEBUG-ENGINE] Tick started at t=22354.007643999998
[DEBUG-ENGINE] Reached Global Pass Checkpoint
[DEBUG-ENGINE] Starting evaluate_rules for 'global' with 7 rules
[DEBUG-ENGINE] Tick started at t=22890.492335000003
[DEBUG-ENGINE] Reached Global Pass Checkpoint
[DEBUG-ENGINE] Starting evaluate_rules for 'global' with 7 rules
[DEBUG-ENGINE] Tick started at t=23394.730728
[DEBUG-ENGINE] Reached Global Pass Checkpoint
[DEBUG-ENGINE] Starting evaluate_rules for 'global' with 7 rules
[DEBUG-ENGINE] Tick started at t=23991.387518
[DEBUG-ENGINE] Reached Global Pass Checkpoint
[DEBUG-ENGINE] Starting evaluate_rules for 'global' with 7 rules
[DEBUG-ENGINE] Tick started at t=24595.345567
[DEBUG-ENGINE] Reached Global Pass Checkpoint
[DEBUG-ENGINE] Starting evaluate_rules for 'global' with 7 rules
[DEBUG-ENGINE] Tick started at t=25169.079361
[DEBUG-ENGINE] Reached Global Pass Checkpoint
[DEBUG-ENGINE] Starting evaluate_rules for 'global' with 7 rules
[DEBUG-ENGINE] Tick started at t=25774.504598
[RECONCILE] Checking drift for resource: Service
[DEBUG-ENGINE] Reached Global Pass Checkpoint
[DEBUG-ENGINE] Starting evaluate_rules for 'global' with 7 rules
[36m[INFO] : Resource reconciled[0m
[36m[INFO] Fleet Sync: Timer callback for 'Fleet Sync'[0m
[DEBUG-ENGINE] Tick started at t=26358.426357
[DEBUG-ENGINE] Reached Global Pass Checkpoint
[DEBUG-ENGINE] Starting evaluate_rules for 'global' with 7 rules
[DEBUG-ENGINE] Tick started at t=26956.994859000002
[DEBUG-ENGINE] Reached Global Pass Checkpoint
[DEBUG-ENGINE] Starting evaluate_rules for 'global' with 7 rules
[DEBUG-ENGINE] Tick started at t=27546.548886
[DEBUG-ENGINE] Reached Global Pass Checkpoint
[DEBUG-ENGINE] Starting evaluate_rules for 'global' with 7 rules
[DEBUG-ENGINE] Tick started at t=28141.7387
[DEBUG-ENGINE] Reached Global Pass Checkpoint
[DEBUG-ENGINE] Starting evaluate_rules for 'global' with 7 rules
[DEBUG-ENGINE] Tick started at t=28730.528947
[DEBUG-ENGINE] Reached Global Pass Checkpoint
[DEBUG-ENGINE] Starting evaluate_rules for 'global' with 7 rules
[DEBUG-ENGINE] Tick started at t=29330.112465
